--- LOG TIME: 2025-11-19T14:09:53.813Z ---

{
  bio: 'Building my next AI tool to $5k MRR in public. Daily code, tech choices, small wins & lessons. Zero fluff. Follow the journey or miss the playbook 👇',
  pinned_text: '',
  recent_tweets: [
    "I'm currently working on the Copy &amp; Growth strategy for the X Profile Booster tool. Hmm, it's not looking too great, guys, lol. https://t.co/Sb91GCR5t6",
    'Finally debugged the code and re-ran the test.\n' +
      '60 points! Much more believable, lol.\n' +
      'The X Profile Booster MVP will drop this weekend for everyone to try. https://t.co/j93aM2rMvJ',
    'X Profile Booster scored me an 85? Hmm, skeptical. Needs a reality check. Even AI is buttering me up now, lol. 😂 https://t.co/CUHNgp6iFp',
    'Stop leaking money on X! 🛑\n' +
      '\n' +
      "I'm coding X Profile Booster, the most ruthless AI Auditor. It finds and fixes every single leak costing you customers.\n" +
      '\n' +
      "Commitment: I'm sharing all Code Logs &amp; Growth Lessons on the $0 → $5k MRR journey.\n" +
      '\n' +
      "Don't miss out: FOLLOW + Turn on 🔔 to be… https://t.co/QXTnj3tphv",
    'GN, everyone. I need about 7 hours of sleep every night to be sharp the next day. Time to crash, guys, we’ll hit it again tomorrow! https://t.co/VMVhEKBD3a',
    'Feels like everyone on here is obsessed with Supabase lately. 😅\n' +
      '\n' +
      'Working on the Auth for X Profile Booster today, but I decided to stick with Firebase. \n' +
      '\n' +
      'It’s just muscle memory at this point, setup took 5 mins, leaving me more time to focus on the core business logic.\n' +
      '\n' +
      'The best… https://t.co/OotDjdPFKe',
    "Ugh, I was using RapidAPI, but Cloudflare went down, so my work completely failed. Guess I won't be coding today, lol.",
    "Yeah, I finally finished the API call to fetch the user's profile information and their 20 latest tweets 💪💪💪 https://t.co/r0f126p4AP",
    'Just switched to Svelte and the development experience is so much lighter!\n' +
      '\n' +
      'Reactivity is just variable assignment. The code inside the &lt;script&gt; block is clean, looking exactly like plain JavaScript. No complex syntax, no Virtual DOM overhead.\n' +
      '\n' +
      'Deciding to try Svelte/SvelteKit… https://t.co/1IoMRGwfWR',
    'GM everyone ☀️!\n' +
      '\n' +
      "I'm currently building a small SaaS that analyzes and provides optimization suggestions for your X Profile.\n" +
      '\n' +
      'Follow me to track the entire journey and watch it grow day by day! \n' +
      '\n' +
      "Let's go! 🛠️ https://t.co/24zZUJoOht",
    '4 months since getting the X verification badge! Thanks for the support, everyone.\n' +
      '\n' +
      "Let's keep fighting the good fight and never give up! https://t.co/hqgS7fU5wf",
    "I read a pretty cool article and wanted to share it with everyone: 'Block YouTube Ads on AppleTV by Decrypting and Stripping Ads from Profobuf.'\n" +
      '\n' +
      "The author also has a great quote: 'Just because I can break something doesn’t mean I should.'\n" +
      '\n' +
      'https://t.co/zTRCFO6hrN https://t.co/PrrfWHqHrb',
    "GM everyone. It's Sunday today, let's rest up and save our energy to fight again tomorrow. Also, is anyone here into watching MMA like I am? 🥊 https://t.co/md19fYEATG",
    'Confess: How much time a day do you spend scrolling X? \nMe, 24/7. Lol',
    'I need some fresh ideas.\n' +
      '\n' +
      'I need some fresh ideas.\n' +
      '\n' +
      'I need some fresh ideas.\n' +
      '\n' +
      'I need some fresh ideas.\n' +
      '\n' +
      'I need some fresh ideas.',
    'In the past when I studied, I was most afraid of algorithms. If I had learned it using simulation methods back then, I might have even liked it. https://t.co/DMsRhMwBIs',
    "X's Premium+ package is fully ad-free. So, if I run an X ad, and potential users all use Premium+, my campaign will fail, right? 🤔🤔 https://t.co/Tl81CV1k4f",
    'Achieved over 700,000 impressions in 3 months. Huge thanks to all the guys! https://t.co/VvHXcNWTfe',
    'If Build in Public vanished one day, where would you guys build instead?',
    'The fastest way to grow on X? Post valuable content? Share knowledge? Jump on trends?\n' +
      '\n' +
      'NOPE.\n' +
      '\n' +
      'The secret is only 2 steps: \n' +
      '- 1. Create an account with a FEMALE name and gender. \n' +
      '- 2. Get a really pretty avatar. \n' +
      '\n' +
      "THAT'S IT 🤣🤣"
  ],
  follower_count: 2166
}